<?xml version="1.0" encoding="UTF-8"?>
<robot generator="Robot 5.0.1 (Python 3.10.7 on linux)" generated="20230316 21:51:32.818" rpa="false" schemaversion="3">
<suite id="s1" name="Tests" source="/opt/robotframework/tests">
<suite id="s1-s1" name="Test" source="/opt/robotframework/tests/test.robot">
<test id="s1-s1-t1" name="My First Robot Test" line="3">
<kw name="Log To Console" library="BuiltIn">
<arg>Hello Robot World!</arg>
<doc>Logs the given message to the console.</doc>
<status status="PASS" starttime="20230316 21:51:32.835" endtime="20230316 21:51:32.835"/>
</kw>
<status status="PASS" starttime="20230316 21:51:32.834" endtime="20230316 21:51:32.835"/>
</test>
<status status="PASS" starttime="20230316 21:51:32.833" endtime="20230316 21:51:32.835"/>
</suite>
<status status="PASS" starttime="20230316 21:51:32.819" endtime="20230316 21:51:32.836"/>
</suite>
<statistics>
<total>
<stat pass="1" fail="0" skip="0">All Tests</stat>
</total>
<tag>
</tag>
<suite>
<stat pass="1" fail="0" skip="0" id="s1" name="Tests">Tests</stat>
<stat pass="1" fail="0" skip="0" id="s1-s1" name="Test">Tests.Test</stat>
</suite>
</statistics>
<errors>
</errors>
</robot>
